2024-06-23 19:18:30.429 [main] INFO  c.e.h.s.SpringserverApplication - Starting SpringserverApplication using Java 20.0.2 with PID 15020 (D:\semester8\Web\project\BackEnd\springserver\target\classes started by hoang in D:\semester8\Web\project)
2024-06-23 19:18:30.433 [main] INFO  c.e.h.s.SpringserverApplication - No active profile set, falling back to 1 default profile: "default"
2024-06-23 19:18:31.326 [main] INFO  o.s.d.r.c.RepositoryConfigurationDelegate - Bootstrapping Spring Data JPA repositories in DEFAULT mode.
2024-06-23 19:18:31.416 [main] INFO  o.s.d.r.c.RepositoryConfigurationDelegate - Finished Spring Data repository scanning in 79 ms. Found 10 JPA repository interfaces.
2024-06-23 19:18:32.023 [main] INFO  o.s.b.w.e.t.TomcatWebServer - Tomcat initialized with port 8080 (http)
2024-06-23 19:18:32.035 [main] INFO  o.a.c.h.Http11NioProtocol - Initializing ProtocolHandler ["http-nio-8080"]
2024-06-23 19:18:32.037 [main] INFO  o.a.c.c.StandardService - Starting service [Tomcat]
2024-06-23 19:18:32.037 [main] INFO  o.a.c.c.StandardEngine - Starting Servlet engine: [Apache Tomcat/10.1.19]
2024-06-23 19:18:32.101 [main] INFO  o.a.c.c.C.[.[.[/] - Initializing Spring embedded WebApplicationContext
2024-06-23 19:18:32.102 [main] INFO  o.s.b.w.s.c.ServletWebServerApplicationContext - Root WebApplicationContext: initialization completed in 1625 ms
2024-06-23 19:18:32.225 [main] INFO  c.z.h.HikariDataSource - HikariPool-1 - Starting...
2024-06-23 19:18:32.743 [main] INFO  c.z.h.p.HikariPool - HikariPool-1 - Added connection com.mysql.cj.jdbc.ConnectionImpl@d6b532f
2024-06-23 19:18:32.745 [main] INFO  c.z.h.HikariDataSource - HikariPool-1 - Start completed.
2024-06-23 19:18:32.805 [main] INFO  o.h.j.i.u.LogHelper - HHH000204: Processing PersistenceUnitInfo [name: default]
2024-06-23 19:18:32.903 [main] INFO  o.h.Version - HHH000412: Hibernate ORM core version 6.4.4.Final
2024-06-23 19:18:32.954 [main] INFO  o.h.c.i.RegionFactoryInitiator - HHH000026: Second-level cache disabled
2024-06-23 19:18:33.285 [main] INFO  o.s.o.j.p.SpringPersistenceUnitInfo - No LoadTimeWeaver setup: ignoring JPA class transformer
2024-06-23 19:18:34.692 [main] INFO  o.h.e.t.j.p.i.JtaPlatformInitiator - HHH000489: No JTA platform available (set 'hibernate.transaction.jta.platform' to enable JTA platform integration)
2024-06-23 19:18:34.695 [main] INFO  o.s.o.j.LocalContainerEntityManagerFactoryBean - Initialized JPA EntityManagerFactory for persistence unit 'default'
2024-06-23 19:18:35.119 [main] DEBUG o.s.w.f.CorsFilter - Filter 'corsFilter' configured for use
2024-06-23 19:18:35.435 [main] INFO  o.s.d.j.r.q.QueryEnhancerFactory - Hibernate is in classpath; If applicable, HQL parser will be used.
2024-06-23 19:18:36.818 [main] WARN  o.s.b.a.o.j.JpaBaseConfiguration$JpaWebConfiguration - spring.jpa.open-in-view is enabled by default. Therefore, database queries may be performed during view rendering. Explicitly configure spring.jpa.open-in-view to disable this warning
2024-06-23 19:18:37.003 [main] DEBUG o.s.w.s.m.m.a.RequestMappingHandlerMapping - 48 mappings in 'requestMappingHandlerMapping'
2024-06-23 19:18:37.083 [main] DEBUG o.s.w.s.h.SimpleUrlHandlerMapping - Patterns [/webjars/**, /**] in 'resourceHandlerMapping'
2024-06-23 19:18:37.128 [main] INFO  o.s.s.w.DefaultSecurityFilterChain - Will secure any request with [org.springframework.security.web.session.DisableEncodeUrlFilter@43fa643e, org.springframework.security.web.context.request.async.WebAsyncManagerIntegrationFilter@30dd9615, org.springframework.security.web.context.SecurityContextHolderFilter@1d39d660, org.springframework.security.web.header.HeaderWriterFilter@503358e6, org.springframework.web.filter.CorsFilter@1b897ffb, org.springframework.security.web.authentication.logout.LogoutFilter@631a1820, com.edu.hcmuaf.springserver.config.JwtAuthenticationFilter@61149fa5, org.springframework.security.web.savedrequest.RequestCacheAwareFilter@db52bc4, org.springframework.security.web.servletapi.SecurityContextHolderAwareRequestFilter@7b01900f, org.springframework.security.web.authentication.AnonymousAuthenticationFilter@35db3ea2, org.springframework.security.web.session.SessionManagementFilter@5ea4d07f, org.springframework.security.web.access.ExceptionTranslationFilter@191a8997, org.springframework.security.web.access.intercept.AuthorizationFilter@4c27fe7a]
2024-06-23 19:18:37.221 [main] DEBUG o.s.w.s.m.m.a.RequestMappingHandlerAdapter - ControllerAdvice beans: 0 @ModelAttribute, 0 @InitBinder, 1 RequestBodyAdvice, 1 ResponseBodyAdvice
2024-06-23 19:18:37.257 [main] DEBUG o.s.w.s.m.m.a.ExceptionHandlerExceptionResolver - ControllerAdvice beans: 0 @ExceptionHandler, 1 ResponseBodyAdvice
2024-06-23 19:18:37.394 [main] INFO  o.a.c.h.Http11NioProtocol - Starting ProtocolHandler ["http-nio-8080"]
2024-06-23 19:18:37.413 [main] INFO  o.s.b.w.e.t.TomcatWebServer - Tomcat started on port 8080 (http) with context path ''
2024-06-23 19:18:37.423 [main] INFO  c.e.h.s.SpringserverApplication - Started SpringserverApplication in 7.408 seconds (process running for 8.637)
2024-06-23 19:18:57.633 [http-nio-8080-exec-1] INFO  o.a.c.c.C.[.[.[/] - Initializing Spring DispatcherServlet 'dispatcherServlet'
2024-06-23 19:18:57.633 [http-nio-8080-exec-1] INFO  o.s.w.s.DispatcherServlet - Initializing Servlet 'dispatcherServlet'
2024-06-23 19:18:57.633 [http-nio-8080-exec-1] DEBUG o.s.w.s.DispatcherServlet - Detected StandardServletMultipartResolver
2024-06-23 19:18:57.633 [http-nio-8080-exec-1] DEBUG o.s.w.s.DispatcherServlet - Detected AcceptHeaderLocaleResolver
2024-06-23 19:18:57.634 [http-nio-8080-exec-1] DEBUG o.s.w.s.DispatcherServlet - Detected FixedThemeResolver
2024-06-23 19:18:57.635 [http-nio-8080-exec-1] DEBUG o.s.w.s.DispatcherServlet - Detected org.springframework.web.servlet.view.DefaultRequestToViewNameTranslator@3fe9caee
2024-06-23 19:18:57.635 [http-nio-8080-exec-1] DEBUG o.s.w.s.DispatcherServlet - Detected org.springframework.web.servlet.support.SessionFlashMapManager@7431ac04
2024-06-23 19:18:57.636 [http-nio-8080-exec-1] DEBUG o.s.w.s.DispatcherServlet - enableLoggingRequestDetails='false': request parameters and headers will be masked to prevent unsafe logging of potentially sensitive data
2024-06-23 19:18:57.636 [http-nio-8080-exec-1] INFO  o.s.w.s.DispatcherServlet - Completed initialization in 3 ms
2024-06-23 19:19:01.818 [http-nio-8080-exec-3] DEBUG o.s.w.s.DispatcherServlet - POST "/api/auth/login_admin", parameters={}
2024-06-23 19:19:01.819 [http-nio-8080-exec-3] DEBUG o.s.w.s.m.m.a.RequestMappingHandlerMapping - Mapped to com.edu.hcmuaf.springserver.controller.AuthenticationController#login_admin(AuthenticationRequest)
2024-06-23 19:19:01.879 [http-nio-8080-exec-3] DEBUG o.s.w.s.m.m.a.RequestResponseBodyMethodProcessor - Read "application/json;charset=UTF-8" to [AuthenticationRequest(username=76, password=123123123)]
2024-06-23 19:19:01.889 [http-nio-8080-exec-3] INFO  c.e.h.s.c.AuthenticationController - Admin login request received for username: 76
2024-06-23 19:19:06.631 [http-nio-8080-exec-3] INFO  c.e.h.s.c.AuthenticationController - Admin 76 logged in successfully
2024-06-23 19:19:06.647 [http-nio-8080-exec-3] DEBUG o.s.w.s.m.m.a.HttpEntityMethodProcessor - Using 'application/json', given [*/*] and supported [application/json, application/*+json]
2024-06-23 19:19:06.650 [http-nio-8080-exec-3] DEBUG o.s.w.s.m.m.a.HttpEntityMethodProcessor - Writing [AuthenticationResponse(code=200, message=Succeed, token=eyJhbGciOiJIUzI1NiIsInR5cCI6IkpXVCJ9.eyJzdWI (truncated)...]
2024-06-23 19:19:06.655 [http-nio-8080-exec-3] DEBUG o.s.w.s.DispatcherServlet - Completed 200 OK
2024-06-23 19:19:22.727 [http-nio-8080-exec-2] DEBUG o.s.w.s.DispatcherServlet - GET "/api/tickets", parameters={}
2024-06-23 19:19:22.727 [http-nio-8080-exec-2] DEBUG o.s.w.s.m.m.a.RequestMappingHandlerMapping - Mapped to com.edu.hcmuaf.springserver.controller.TicketController#getAll(int, String, int, String, String)
2024-06-23 19:19:22.954 [http-nio-8080-exec-2] DEBUG o.s.w.s.m.m.a.HttpEntityMethodProcessor - Using 'application/json', given [*/*] and supported [application/json, application/*+json]
2024-06-23 19:19:22.955 [http-nio-8080-exec-2] DEBUG o.s.w.s.m.m.a.HttpEntityMethodProcessor - Writing [Page 1 of 1 containing com.edu.hcmuaf.springserver.entity.Ticket instances]
2024-06-23 19:19:23.024 [http-nio-8080-exec-2] DEBUG o.s.w.s.DispatcherServlet - Completed 200 OK
2024-06-23 21:23:33.364 [SpringApplicationShutdownHook] INFO  o.s.o.j.LocalContainerEntityManagerFactoryBean - Closing JPA EntityManagerFactory for persistence unit 'default'
2024-06-23 21:23:33.379 [SpringApplicationShutdownHook] INFO  c.z.h.HikariDataSource - HikariPool-1 - Shutdown initiated...
2024-06-23 21:23:33.385 [SpringApplicationShutdownHook] INFO  c.z.h.HikariDataSource - HikariPool-1 - Shutdown completed.
